<?xml version="1.0" encoding="UTF-8"?>
<robot generator="Robot 3.2.2 (Python 3.6.8 on win32)" generated="20200914 09:29:51.977" rpa="false">
<suite id="s1" name="Dialogs" source="C:\Users\Daniela Vignau\Documents\Robot Framework - L1\explore-libraries\tests\dialogs.robot">
<test id="s1-t1" name="Logged out user can search for products">
<kw name="Begin Web Test" library="Common" type="setup">
<kw name="Open Browser" library="SeleniumLibrary">
<doc>Opens a new browser instance to the optional ``url``.</doc>
<arguments>
<arg>about:blank</arg>
<arg>${BROWSER}</arg>
</arguments>
<msg timestamp="20200914 09:29:52.825" level="INFO">Opening browser 'chrome' to base url 'about:blank'.</msg>
<status status="PASS" starttime="20200914 09:29:52.825" endtime="20200914 09:29:56.974"></status>
</kw>
<status status="PASS" starttime="20200914 09:29:52.824" endtime="20200914 09:29:56.974"></status>
</kw>
<kw name="Get Selection From User" library="Dialogs">
<doc>Pauses test execution and asks user to select a value.</doc>
<arguments>
<arg>Which browser?</arg>
<arg>chrome</arg>
<arg>ie</arg>
<arg>firefox</arg>
</arguments>
<assign>
<var>${new_browser}</var>
</assign>
<msg timestamp="20200914 09:30:05.480" level="INFO">${new_browser} = chrome</msg>
<status status="PASS" starttime="20200914 09:29:56.975" endtime="20200914 09:30:05.480"></status>
</kw>
<kw name="Set Global Variable" library="BuiltIn">
<doc>Makes a variable available globally in all tests and suites.</doc>
<arguments>
<arg>${BROWSER}</arg>
<arg>${new_browser}</arg>
</arguments>
<msg timestamp="20200914 09:30:05.483" level="INFO">${BROWSER} = chrome</msg>
<status status="PASS" starttime="20200914 09:30:05.481" endtime="20200914 09:30:05.483"></status>
</kw>
<kw name="Search for Products" library="AmazonApp">
<kw name="Load" library="LandingPage">
<kw name="Go To" library="SeleniumLibrary">
<doc>Navigates the current browser window to the provided ``url``.</doc>
<arguments>
<arg>${START_URL}</arg>
</arguments>
<msg timestamp="20200914 09:30:05.487" level="INFO">Opening url 'https://www.amazon.com'</msg>
<status status="PASS" starttime="20200914 09:30:05.486" endtime="20200914 09:30:07.338"></status>
</kw>
<status status="PASS" starttime="20200914 09:30:05.485" endtime="20200914 09:30:07.339"></status>
</kw>
<kw name="Verify Page Loaded" library="LandingPage">
<kw name="Wait Until Page Contains" library="SeleniumLibrary">
<doc>Waits until ``text`` appears on the current page.</doc>
<arguments>
<arg>Sell</arg>
</arguments>
<status status="PASS" starttime="20200914 09:30:07.340" endtime="20200914 09:30:07.374"></status>
</kw>
<status status="PASS" starttime="20200914 09:30:07.339" endtime="20200914 09:30:07.374"></status>
</kw>
<kw name="Search for Products" library="TopNav">
<kw name="Enter Search Term" library="TopNav">
<kw name="Input Text" library="SeleniumLibrary">
<doc>Types the given ``text`` into the text field identified by ``locator``.</doc>
<arguments>
<arg>id=twotabsearchtextbox</arg>
<arg>${SEARCH_TERM}</arg>
</arguments>
<msg timestamp="20200914 09:30:07.374" level="INFO">Typing text 'Ferrari 458' into text field 'id=twotabsearchtextbox'.</msg>
<status status="PASS" starttime="20200914 09:30:07.374" endtime="20200914 09:30:07.774"></status>
</kw>
<status status="PASS" starttime="20200914 09:30:07.374" endtime="20200914 09:30:07.775"></status>
</kw>
<kw name="Submit Search" library="TopNav">
<kw name="Click Button" library="SeleniumLibrary">
<doc>Clicks the button identified by ``locator``.</doc>
<arguments>
<arg>xpath=//*[@id="nav-search"]/form/div[2]/div/input</arg>
</arguments>
<msg timestamp="20200914 09:30:07.776" level="INFO">Clicking button 'xpath=//*[@id="nav-search"]/form/div[2]/div/input'.</msg>
<status status="PASS" starttime="20200914 09:30:07.776" endtime="20200914 09:30:07.914"></status>
</kw>
<status status="PASS" starttime="20200914 09:30:07.775" endtime="20200914 09:30:07.914"></status>
</kw>
<status status="PASS" starttime="20200914 09:30:07.374" endtime="20200914 09:30:07.914"></status>
</kw>
<kw name="Verify Search Completed" library="SearchResults">
<kw name="Wait Until Page Contains" library="SeleniumLibrary">
<doc>Waits until ``text`` appears on the current page.</doc>
<arguments>
<arg>results for "${SEARCH_TERM}"</arg>
</arguments>
<kw name="Capture Page Screenshot" library="SeleniumLibrary">
<doc>Takes a screenshot of the current page and embeds it into a log file.</doc>
<msg timestamp="20200914 09:30:13.702" level="INFO" html="yes">&lt;/td&gt;&lt;/tr&gt;&lt;tr&gt;&lt;td colspan="3"&gt;&lt;a href="selenium-screenshot-1.png"&gt;&lt;img src="selenium-screenshot-1.png" width="800px"&gt;&lt;/a&gt;</msg>
<status status="PASS" starttime="20200914 09:30:13.105" endtime="20200914 09:30:13.702"></status>
</kw>
<msg timestamp="20200914 09:30:13.750" level="FAIL">Text 'results for "Ferrari 458"' did not appear in 5 seconds.</msg>
<status status="FAIL" starttime="20200914 09:30:07.914" endtime="20200914 09:30:13.750"></status>
</kw>
<status status="FAIL" starttime="20200914 09:30:07.914" endtime="20200914 09:30:13.750"></status>
</kw>
<status status="FAIL" starttime="20200914 09:30:05.484" endtime="20200914 09:30:13.750"></status>
</kw>
<kw name="End Web Test" library="Common" type="teardown">
<kw name="Close Browser" library="SeleniumLibrary">
<doc>Closes the current browser.</doc>
<status status="PASS" starttime="20200914 09:30:13.750" endtime="20200914 09:30:15.993"></status>
</kw>
<status status="PASS" starttime="20200914 09:30:13.750" endtime="20200914 09:30:15.994"></status>
</kw>
<tags>
<tag>Web</tag>
</tags>
<status status="FAIL" starttime="20200914 09:29:52.821" endtime="20200914 09:30:15.996" critical="yes">Text 'results for "Ferrari 458"' did not appear in 5 seconds.</status>
</test>
<test id="s1-t2" name="Logged out user can add product to cart">
<kw name="Begin Web Test" library="Common" type="setup">
<kw name="Open Browser" library="SeleniumLibrary">
<doc>Opens a new browser instance to the optional ``url``.</doc>
<arguments>
<arg>about:blank</arg>
<arg>${BROWSER}</arg>
</arguments>
<msg timestamp="20200914 09:30:16.019" level="INFO">Opening browser 'chrome' to base url 'about:blank'.</msg>
<status status="PASS" starttime="20200914 09:30:16.019" endtime="20200914 09:30:19.434"></status>
</kw>
<status status="PASS" starttime="20200914 09:30:16.018" endtime="20200914 09:30:19.434"></status>
</kw>
<kw name="Search for Products" library="AmazonApp">
<kw name="Load" library="LandingPage">
<kw name="Go To" library="SeleniumLibrary">
<doc>Navigates the current browser window to the provided ``url``.</doc>
<arguments>
<arg>${START_URL}</arg>
</arguments>
<msg timestamp="20200914 09:30:19.437" level="INFO">Opening url 'https://www.amazon.com'</msg>
<status status="PASS" starttime="20200914 09:30:19.437" endtime="20200914 09:30:21.915"></status>
</kw>
<status status="PASS" starttime="20200914 09:30:19.436" endtime="20200914 09:30:21.915"></status>
</kw>
<kw name="Verify Page Loaded" library="LandingPage">
<kw name="Wait Until Page Contains" library="SeleniumLibrary">
<doc>Waits until ``text`` appears on the current page.</doc>
<arguments>
<arg>Sell</arg>
</arguments>
<kw name="Capture Page Screenshot" library="SeleniumLibrary">
<doc>Takes a screenshot of the current page and embeds it into a log file.</doc>
<msg timestamp="20200914 09:30:22.009" level="FAIL">NoSuchWindowException: Message: no such window: target window already closed
from unknown error: web view not found
  (Session info: chrome=85.0.4183.102)
</msg>
<status status="FAIL" starttime="20200914 09:30:21.920" endtime="20200914 09:30:22.009"></status>
</kw>
<msg timestamp="20200914 09:30:22.009" level="WARN">Keyword 'Capture Page Screenshot' could not be run on failure: NoSuchWindowException: Message: no such window: target window already closed
from unknown error: web view not found
  (Session info: chrome=85.0.4183.102)
</msg>
<msg timestamp="20200914 09:30:22.048" level="FAIL">NoSuchWindowException: Message: no such window: target window already closed
from unknown error: web view not found
  (Session info: chrome=85.0.4183.102)
</msg>
<status status="FAIL" starttime="20200914 09:30:21.916" endtime="20200914 09:30:22.049"></status>
</kw>
<status status="FAIL" starttime="20200914 09:30:21.916" endtime="20200914 09:30:22.050"></status>
</kw>
<status status="FAIL" starttime="20200914 09:30:19.436" endtime="20200914 09:30:22.050"></status>
</kw>
<kw name="End Web Test" library="Common" type="teardown">
<kw name="Close Browser" library="SeleniumLibrary">
<doc>Closes the current browser.</doc>
<status status="PASS" starttime="20200914 09:30:22.055" endtime="20200914 09:30:24.193"></status>
</kw>
<status status="PASS" starttime="20200914 09:30:22.053" endtime="20200914 09:30:24.193"></status>
</kw>
<tags>
<tag>Web</tag>
</tags>
<status status="FAIL" starttime="20200914 09:30:16.014" endtime="20200914 09:30:24.194" critical="yes">NoSuchWindowException: Message: no such window: target window already closed
from unknown error: web view not found
  (Session info: chrome=85.0.4183.102)
</status>
</test>
<doc>These are some web tests</doc>
<status status="FAIL" starttime="20200914 09:29:51.981" endtime="20200914 09:30:24.199"></status>
</suite>
<statistics>
<total>
<stat pass="0" fail="2">Critical Tests</stat>
<stat pass="0" fail="2">All Tests</stat>
</total>
<tag>
<stat pass="0" fail="2">Web</stat>
</tag>
<suite>
<stat pass="0" fail="2" id="s1" name="Dialogs">Dialogs</stat>
</suite>
</statistics>
<errors>
<msg timestamp="20200914 09:30:22.009" level="WARN">Keyword 'Capture Page Screenshot' could not be run on failure: NoSuchWindowException: Message: no such window: target window already closed
from unknown error: web view not found
  (Session info: chrome=85.0.4183.102)
</msg>
</errors>
</robot>
